<?xml version="1.0" encoding="UTF-8"?>
<!-- Generated by org.testng.reporters.JUnitReportReporter -->
<testsuite hostname="LAPTOP-VDVLNJ72" failures="0" tests="1" name="Test_case.Demo_search" time="28.921" errors="0" timestamp="2022-07-13T10:52:42 IST" skipped="0">
  <testcase classname="Test_case.Demo_search" name="search" time="28.921"/>
  <system-out/>
</testsuite> <!-- Test_case.Demo_search -->
