<?xml version="1.0" encoding="UTF-8"?>
<!-- Generated by org.testng.reporters.JUnitReportReporter -->
<testsuite hostname="LAPTOP-VDVLNJ72" failures="0" tests="2" name="Test_case.Dependency2" time="0.014" errors="0" timestamp="2022-07-13T16:01:22 IST" skipped="0">
  <testcase classname="Test_case.Dependency2" name="DemoRegister" time="0.012"/>
  <system-out/>
  <testcase classname="Test_case.Dependency2" name="Demologin" time="0.002"/>
  <system-out/>
</testsuite> <!-- Test_case.Dependency2 -->
