<?xml version="1.0" encoding="UTF-8"?>
<!-- Generated by org.testng.reporters.JUnitReportReporter -->
<testsuite hostname="LAPTOP-VDVLNJ72" failures="0" tests="1" name="Test_case.Register" time="37.308" errors="0" timestamp="2022-07-13T10:52:42 IST" skipped="0">
  <testcase classname="Test_case.Register" name="registerm" time="37.308"/>
  <system-out/>
</testsuite> <!-- Test_case.Register -->
