<?xml version="1.0" encoding="UTF-8"?>
<!-- Generated by org.testng.reporters.JUnitReportReporter -->
<testsuite hostname="LAPTOP-VDVLNJ72" failures="0" tests="3" name="Test_case.Exicute_Selected_classes" time="0.016" errors="0" timestamp="2022-07-13T13:24:32 IST" skipped="0">
  <testcase classname="Test_case.Exicute_Selected_classes" name="Ajay" time="0.012"/>
  <system-out/>
  <testcase classname="Test_case.Exicute_Selected_classes" name="Tushsr" time="0.002"/>
  <system-out/>
  <testcase classname="Test_case.Exicute_Selected_classes" name="vijay" time="0.002"/>
  <system-out/>
</testsuite> <!-- Test_case.Exicute_Selected_classes -->
