<?xml version="1.0" encoding="UTF-8"?>
<!-- Generated by org.testng.reporters.JUnitReportReporter -->
<testsuite hostname="LAPTOP-VDVLNJ72" failures="0" tests="1" name="Test_case.Annotations_test" time="0.010" errors="0" timestamp="2022-07-15T11:32:54 IST" skipped="0">
  <testcase classname="Test_case.Annotations_test" name="ReadData" time="0.010"/>
  <system-out/>
</testsuite> <!-- Test_case.Annotations_test -->
