<?xml version="1.0" encoding="UTF-8"?>
<!-- Generated by org.testng.reporters.JUnitReportReporter -->
<testsuite hostname="LAPTOP-VDVLNJ72" failures="0" tests="3" name="Test_case.dependency" time="0.018" errors="0" timestamp="2022-07-13T15:29:06 IST" skipped="0">
  <testcase classname="Test_case.dependency" name="LogIn" time="0.014"/>
  <system-out/>
  <testcase classname="Test_case.dependency" name="AddtoCart" time="0.002"/>
  <system-out/>
  <testcase classname="Test_case.dependency" name="RemoveCart" time="0.002"/>
  <system-out/>
</testsuite> <!-- Test_case.dependency -->
