<?xml version="1.0" encoding="UTF-8"?>
<!-- Generated by org.testng.reporters.JUnitReportReporter -->
<testsuite hostname="LAPTOP-VDVLNJ72" failures="0" tests="4" name="Test_case.Group" time="0.012" errors="0" timestamp="2022-07-13T16:42:39 IST" skipped="0">
  <testcase classname="Test_case.Group" name="Rigester" time="0.008"/>
  <system-out/>
  <testcase classname="Test_case.Group" name="login" time="0.001"/>
  <system-out/>
  <testcase classname="Test_case.Group" name="Search" time="0.002"/>
  <system-out/>
  <testcase classname="Test_case.Group" name="Select" time="0.001"/>
  <system-out/>
</testsuite> <!-- Test_case.Group -->
