<?xml version="1.0" encoding="UTF-8"?>
<!-- Generated by org.testng.reporters.JUnitReportReporter -->
<testsuite hostname="LAPTOP-VDVLNJ72" failures="0" tests="2" name="Test_case.Exclude" time="0.013" errors="0" timestamp="2022-07-13T15:11:41 IST" skipped="0">
  <testcase classname="Test_case.Exclude" name="liki" time="0.012"/>
  <system-out/>
  <testcase classname="Test_case.Exclude" name="prajju" time="0.001"/>
  <system-out/>
</testsuite> <!-- Test_case.Exclude -->
